
> uteam-multi@1.0.0 typecheck:ci
> tsc --noEmit

.next/types/app/api/canonical/metrics/route.ts(2,24): error TS2307: Cannot find module '../../../../../../src/app/api/canonical/metrics/route.js' or its corresponding type declarations.
.next/types/app/api/canonical/metrics/route.ts(5,29): error TS2307: Cannot find module '../../../../../../src/app/api/canonical/metrics/route.js' or its corresponding type declarations.
.next/types/app/api/clean-gps-data/route.ts(2,24): error TS2307: Cannot find module '../../../../../src/app/api/clean-gps-data/route.js' or its corresponding type declarations.
.next/types/app/api/clean-gps-data/route.ts(5,29): error TS2307: Cannot find module '../../../../../src/app/api/clean-gps-data/route.js' or its corresponding type declarations.
.next/types/app/api/debug/gps-reports/[id]/route.ts(2,24): error TS2307: Cannot find module '../../../../../../../src/app/api/debug/gps-reports/[id]/route.js' or its corresponding type declarations.
.next/types/app/api/debug/gps-reports/[id]/route.ts(5,29): error TS2307: Cannot find module '../../../../../../../src/app/api/debug/gps-reports/[id]/route.js' or its corresponding type declarations.
.next/types/app/api/gps-profiles/[id]/route.ts(2,24): error TS2307: Cannot find module '../../../../../../src/app/api/gps-profiles/[id]/route.js' or its corresponding type declarations.
.next/types/app/api/gps-profiles/[id]/route.ts(5,29): error TS2307: Cannot find module '../../../../../../src/app/api/gps-profiles/[id]/route.js' or its corresponding type declarations.
.next/types/app/api/gps-profiles/[id]/usage/route.ts(2,24): error TS2307: Cannot find module '../../../../../../../src/app/api/gps-profiles/[id]/usage/route.js' or its corresponding type declarations.
.next/types/app/api/gps-profiles/[id]/usage/route.ts(5,29): error TS2307: Cannot find module '../../../../../../../src/app/api/gps-profiles/[id]/usage/route.js' or its corresponding type declarations.
.next/types/app/api/gps-profiles/parse-excel/route.ts(2,24): error TS2307: Cannot find module '../../../../../../src/app/api/gps-profiles/parse-excel/route.js' or its corresponding type declarations.
.next/types/app/api/gps-profiles/parse-excel/route.ts(5,29): error TS2307: Cannot find module '../../../../../../src/app/api/gps-profiles/parse-excel/route.js' or its corresponding type declarations.
.next/types/app/api/gps-profiles/route.ts(2,24): error TS2307: Cannot find module '../../../../../src/app/api/gps-profiles/route.js' or its corresponding type declarations.
.next/types/app/api/gps-profiles/route.ts(5,29): error TS2307: Cannot find module '../../../../../src/app/api/gps-profiles/route.js' or its corresponding type declarations.
.next/types/app/api/gps-profiles/templates/route.ts(2,24): error TS2307: Cannot find module '../../../../../../src/app/api/gps-profiles/templates/route.js' or its corresponding type declarations.
.next/types/app/api/gps-profiles/templates/route.ts(5,29): error TS2307: Cannot find module '../../../../../../src/app/api/gps-profiles/templates/route.js' or its corresponding type declarations.
.next/types/app/api/gps-reports/[id]/process/route.ts(2,24): error TS2307: Cannot find module '../../../../../../../src/app/api/gps-reports/[id]/process/route.js' or its corresponding type declarations.
.next/types/app/api/gps-reports/[id]/process/route.ts(5,29): error TS2307: Cannot find module '../../../../../../../src/app/api/gps-reports/[id]/process/route.js' or its corresponding type declarations.
.next/types/app/api/gps-reports/[id]/route.ts(2,24): error TS2307: Cannot find module '../../../../../../src/app/api/gps-reports/[id]/route.js' or its corresponding type declarations.
.next/types/app/api/gps-reports/[id]/route.ts(5,29): error TS2307: Cannot find module '../../../../../../src/app/api/gps-reports/[id]/route.js' or its corresponding type declarations.
.next/types/app/api/gps-reports/debug/route.ts(2,24): error TS2307: Cannot find module '../../../../../../src/app/api/gps-reports/debug/route.js' or its corresponding type declarations.
.next/types/app/api/gps-reports/debug/route.ts(5,29): error TS2307: Cannot find module '../../../../../../src/app/api/gps-reports/debug/route.js' or its corresponding type declarations.
.next/types/app/api/gps-reports/diag/route.ts(2,24): error TS2307: Cannot find module '../../../../../../src/app/api/gps-reports/diag/route.js' or its corresponding type declarations.
.next/types/app/api/gps-reports/diag/route.ts(5,29): error TS2307: Cannot find module '../../../../../../src/app/api/gps-reports/diag/route.js' or its corresponding type declarations.
.next/types/app/api/gps-reports/extract-players/route.ts(2,24): error TS2307: Cannot find module '../../../../../../src/app/api/gps-reports/extract-players/route.js' or its corresponding type declarations.
.next/types/app/api/gps-reports/extract-players/route.ts(5,29): error TS2307: Cannot find module '../../../../../../src/app/api/gps-reports/extract-players/route.js' or its corresponding type declarations.
.next/types/app/api/gps-reports/fix-canonical/route.ts(2,24): error TS2307: Cannot find module '../../../../../../src/app/api/gps-reports/fix-canonical/route.js' or its corresponding type declarations.
.next/types/app/api/gps-reports/fix-canonical/route.ts(5,29): error TS2307: Cannot find module '../../../../../../src/app/api/gps-reports/fix-canonical/route.js' or its corresponding type declarations.
.next/types/app/api/gps-reports/recalculate/route.ts(2,24): error TS2307: Cannot find module '../../../../../../src/app/api/gps-reports/recalculate/route.js' or its corresponding type declarations.
.next/types/app/api/gps-reports/recalculate/route.ts(5,29): error TS2307: Cannot find module '../../../../../../src/app/api/gps-reports/recalculate/route.js' or its corresponding type declarations.
.next/types/app/api/gps-reports/route.ts(2,24): error TS2307: Cannot find module '../../../../../src/app/api/gps-reports/route.js' or its corresponding type declarations.
.next/types/app/api/gps-reports/route.ts(5,29): error TS2307: Cannot find module '../../../../../src/app/api/gps-reports/route.js' or its corresponding type declarations.
.next/types/app/api/public/gps-reports/[token]/route.ts(2,24): error TS2307: Cannot find module '../../../../../../../src/app/api/public/gps-reports/[token]/route.js' or its corresponding type declarations.
.next/types/app/api/public/gps-reports/[token]/route.ts(5,29): error TS2307: Cannot find module '../../../../../../../src/app/api/public/gps-reports/[token]/route.js' or its corresponding type declarations.
.next/types/app/clean-gps/page.ts(2,24): error TS2307: Cannot find module '../../../../src/app/clean-gps/page.js' or its corresponding type declarations.
.next/types/app/clean-gps/page.ts(5,29): error TS2307: Cannot find module '../../../../src/app/clean-gps/page.js' or its corresponding type declarations.
.next/types/app/dashboard/fitness/gps-reports/page.ts(2,24): error TS2307: Cannot find module '../../../../../../src/app/dashboard/fitness/gps-reports/page.js' or its corresponding type declarations.
.next/types/app/dashboard/fitness/gps-reports/page.ts(5,29): error TS2307: Cannot find module '../../../../../../src/app/dashboard/fitness/gps-reports/page.js' or its corresponding type declarations.
.next/types/app/debug-gps/page.ts(2,24): error TS2307: Cannot find module '../../../../src/app/debug-gps/page.js' or its corresponding type declarations.
.next/types/app/debug-gps/page.ts(5,29): error TS2307: Cannot find module '../../../../src/app/debug-gps/page.js' or its corresponding type declarations.
.next/types/app/dev/gps-report/[id]/page.ts(2,24): error TS2307: Cannot find module '../../../../../../src/app/dev/gps-report/[id]/page.js' or its corresponding type declarations.
.next/types/app/dev/gps-report/[id]/page.ts(5,29): error TS2307: Cannot find module '../../../../../../src/app/dev/gps-report/[id]/page.js' or its corresponding type declarations.
.next/types/app/public/gps-report/[token]/page.ts(2,24): error TS2307: Cannot find module '../../../../../../src/app/public/gps-report/[token]/page.js' or its corresponding type declarations.
.next/types/app/public/gps-report/[token]/page.ts(5,29): error TS2307: Cannot find module '../../../../../../src/app/public/gps-report/[token]/page.js' or its corresponding type declarations.
src/app/dashboard/coaching/matches/[id]/page.tsx(56,28): error TS2307: Cannot find module '@/components/gps/GpsReportModal' or its corresponding type declarations.
src/db/schema/index.ts(34,15): error TS2307: Cannot find module './gpsReport.ts' or its corresponding type declarations.
src/db/schema/index.ts(35,15): error TS2307: Cannot find module './gpsProfile.ts' or its corresponding type declarations.
src/db/schema/index.ts(36,15): error TS2307: Cannot find module './gpsMetric.ts' or its corresponding type declarations.
src/services/units.ts(2,29): error TS2307: Cannot find module '@/canon/units' or its corresponding type declarations.
src/services/units.ts(3,23): error TS2307: Cannot find module '@/canon/metrics.registry' or its corresponding type declarations.
src/services/units.ts(27,37): error TS7006: Parameter 'm' implicitly has an 'any' type.
src/services/units.ts(102,37): error TS7006: Parameter 'm' implicitly has an 'any' type.
