
> uteam-multi@1.0.0 typecheck:ci
> tsc --noEmit

.next/types/app/api/canonical/metrics/route.ts(2,24): error TS2307: Cannot find module '../../../../../../src/app/api/canonical/metrics/route.js' or its corresponding type declarations.
.next/types/app/api/canonical/metrics/route.ts(5,29): error TS2307: Cannot find module '../../../../../../src/app/api/canonical/metrics/route.js' or its corresponding type declarations.
.next/types/app/api/clean-gps-data/route.ts(2,24): error TS2307: Cannot find module '../../../../../src/app/api/clean-gps-data/route.js' or its corresponding type declarations.
.next/types/app/api/clean-gps-data/route.ts(5,29): error TS2307: Cannot find module '../../../../../src/app/api/clean-gps-data/route.js' or its corresponding type declarations.
.next/types/app/api/debug-delete-report/route.ts(2,24): error TS2307: Cannot find module '../../../../../src/app/api/debug-delete-report/route.js' or its corresponding type declarations.
.next/types/app/api/debug-delete-report/route.ts(5,29): error TS2307: Cannot find module '../../../../../src/app/api/debug-delete-report/route.js' or its corresponding type declarations.
.next/types/app/api/debug/gps-reports/[id]/route.ts(2,24): error TS2307: Cannot find module '../../../../../../../src/app/api/debug/gps-reports/[id]/route.js' or its corresponding type declarations.
.next/types/app/api/debug/gps-reports/[id]/route.ts(5,29): error TS2307: Cannot find module '../../../../../../../src/app/api/debug/gps-reports/[id]/route.js' or its corresponding type declarations.
.next/types/app/api/gps-profiles/[id]/route.ts(2,24): error TS2307: Cannot find module '../../../../../../src/app/api/gps-profiles/[id]/route.js' or its corresponding type declarations.
.next/types/app/api/gps-profiles/[id]/route.ts(5,29): error TS2307: Cannot find module '../../../../../../src/app/api/gps-profiles/[id]/route.js' or its corresponding type declarations.
.next/types/app/api/gps-profiles/[id]/usage/route.ts(2,24): error TS2307: Cannot find module '../../../../../../../src/app/api/gps-profiles/[id]/usage/route.js' or its corresponding type declarations.
.next/types/app/api/gps-profiles/[id]/usage/route.ts(5,29): error TS2307: Cannot find module '../../../../../../../src/app/api/gps-profiles/[id]/usage/route.js' or its corresponding type declarations.
.next/types/app/api/gps-profiles/parse-excel/route.ts(2,24): error TS2307: Cannot find module '../../../../../../src/app/api/gps-profiles/parse-excel/route.js' or its corresponding type declarations.
.next/types/app/api/gps-profiles/parse-excel/route.ts(5,29): error TS2307: Cannot find module '../../../../../../src/app/api/gps-profiles/parse-excel/route.js' or its corresponding type declarations.
.next/types/app/api/gps-profiles/route.ts(2,24): error TS2307: Cannot find module '../../../../../src/app/api/gps-profiles/route.js' or its corresponding type declarations.
.next/types/app/api/gps-profiles/route.ts(5,29): error TS2307: Cannot find module '../../../../../src/app/api/gps-profiles/route.js' or its corresponding type declarations.
.next/types/app/api/gps-profiles/templates/route.ts(2,24): error TS2307: Cannot find module '../../../../../../src/app/api/gps-profiles/templates/route.js' or its corresponding type declarations.
.next/types/app/api/gps-profiles/templates/route.ts(5,29): error TS2307: Cannot find module '../../../../../../src/app/api/gps-profiles/templates/route.js' or its corresponding type declarations.
.next/types/app/api/gps-reports/[id]/process/route.ts(2,24): error TS2307: Cannot find module '../../../../../../../src/app/api/gps-reports/[id]/process/route.js' or its corresponding type declarations.
.next/types/app/api/gps-reports/[id]/process/route.ts(5,29): error TS2307: Cannot find module '../../../../../../../src/app/api/gps-reports/[id]/process/route.js' or its corresponding type declarations.
.next/types/app/api/gps-reports/[id]/route.ts(2,24): error TS2307: Cannot find module '../../../../../../src/app/api/gps-reports/[id]/route.js' or its corresponding type declarations.
.next/types/app/api/gps-reports/[id]/route.ts(5,29): error TS2307: Cannot find module '../../../../../../src/app/api/gps-reports/[id]/route.js' or its corresponding type declarations.
.next/types/app/api/gps-reports/debug/route.ts(2,24): error TS2307: Cannot find module '../../../../../../src/app/api/gps-reports/debug/route.js' or its corresponding type declarations.
.next/types/app/api/gps-reports/debug/route.ts(5,29): error TS2307: Cannot find module '../../../../../../src/app/api/gps-reports/debug/route.js' or its corresponding type declarations.
.next/types/app/api/gps-reports/diag/route.ts(2,24): error TS2307: Cannot find module '../../../../../../src/app/api/gps-reports/diag/route.js' or its corresponding type declarations.
.next/types/app/api/gps-reports/diag/route.ts(5,29): error TS2307: Cannot find module '../../../../../../src/app/api/gps-reports/diag/route.js' or its corresponding type declarations.
.next/types/app/api/gps-reports/extract-players/route.ts(2,24): error TS2307: Cannot find module '../../../../../../src/app/api/gps-reports/extract-players/route.js' or its corresponding type declarations.
.next/types/app/api/gps-reports/extract-players/route.ts(5,29): error TS2307: Cannot find module '../../../../../../src/app/api/gps-reports/extract-players/route.js' or its corresponding type declarations.
.next/types/app/api/gps-reports/fix-canonical/route.ts(2,24): error TS2307: Cannot find module '../../../../../../src/app/api/gps-reports/fix-canonical/route.js' or its corresponding type declarations.
.next/types/app/api/gps-reports/fix-canonical/route.ts(5,29): error TS2307: Cannot find module '../../../../../../src/app/api/gps-reports/fix-canonical/route.js' or its corresponding type declarations.
.next/types/app/api/gps-reports/recalculate/route.ts(2,24): error TS2307: Cannot find module '../../../../../../src/app/api/gps-reports/recalculate/route.js' or its corresponding type declarations.
.next/types/app/api/gps-reports/recalculate/route.ts(5,29): error TS2307: Cannot find module '../../../../../../src/app/api/gps-reports/recalculate/route.js' or its corresponding type declarations.
.next/types/app/api/gps-reports/route.ts(2,24): error TS2307: Cannot find module '../../../../../src/app/api/gps-reports/route.js' or its corresponding type declarations.
.next/types/app/api/gps-reports/route.ts(5,29): error TS2307: Cannot find module '../../../../../src/app/api/gps-reports/route.js' or its corresponding type declarations.
.next/types/app/api/players/[playerId]/game-model/route.ts(2,24): error TS2307: Cannot find module '../../../../../../../src/app/api/players/[playerId]/game-model/route.js' or its corresponding type declarations.
.next/types/app/api/players/[playerId]/game-model/route.ts(5,29): error TS2307: Cannot find module '../../../../../../../src/app/api/players/[playerId]/game-model/route.js' or its corresponding type declarations.
.next/types/app/api/public/gps-reports/[token]/route.ts(2,24): error TS2307: Cannot find module '../../../../../../../src/app/api/public/gps-reports/[token]/route.js' or its corresponding type declarations.
.next/types/app/api/public/gps-reports/[token]/route.ts(5,29): error TS2307: Cannot find module '../../../../../../../src/app/api/public/gps-reports/[token]/route.js' or its corresponding type declarations.
.next/types/app/api/public/players/[playerId]/game-model/route.ts(2,24): error TS2307: Cannot find module '../../../../../../../../src/app/api/public/players/[playerId]/game-model/route.js' or its corresponding type declarations.
.next/types/app/api/public/players/[playerId]/game-model/route.ts(5,29): error TS2307: Cannot find module '../../../../../../../../src/app/api/public/players/[playerId]/game-model/route.js' or its corresponding type declarations.
.next/types/app/clean-gps/page.ts(2,24): error TS2307: Cannot find module '../../../../src/app/clean-gps/page.js' or its corresponding type declarations.
.next/types/app/clean-gps/page.ts(5,29): error TS2307: Cannot find module '../../../../src/app/clean-gps/page.js' or its corresponding type declarations.
.next/types/app/dashboard/fitness/gps-reports/page.ts(2,24): error TS2307: Cannot find module '../../../../../../src/app/dashboard/fitness/gps-reports/page.js' or its corresponding type declarations.
.next/types/app/dashboard/fitness/gps-reports/page.ts(5,29): error TS2307: Cannot find module '../../../../../../src/app/dashboard/fitness/gps-reports/page.js' or its corresponding type declarations.
.next/types/app/debug-gps/page.ts(2,24): error TS2307: Cannot find module '../../../../src/app/debug-gps/page.js' or its corresponding type declarations.
.next/types/app/debug-gps/page.ts(5,29): error TS2307: Cannot find module '../../../../src/app/debug-gps/page.js' or its corresponding type declarations.
.next/types/app/dev/gps-report/[id]/page.ts(2,24): error TS2307: Cannot find module '../../../../../../src/app/dev/gps-report/[id]/page.js' or its corresponding type declarations.
.next/types/app/dev/gps-report/[id]/page.ts(5,29): error TS2307: Cannot find module '../../../../../../src/app/dev/gps-report/[id]/page.js' or its corresponding type declarations.
.next/types/app/public/gps-report/[token]/page.ts(2,24): error TS2307: Cannot find module '../../../../../../src/app/public/gps-report/[token]/page.js' or its corresponding type declarations.
.next/types/app/public/gps-report/[token]/page.ts(5,29): error TS2307: Cannot find module '../../../../../../src/app/public/gps-report/[token]/page.js' or its corresponding type declarations.
.next/types/app/test-public-link/page.ts(2,24): error TS2307: Cannot find module '../../../../src/app/test-public-link/page.js' or its corresponding type declarations.
.next/types/app/test-public-link/page.ts(5,29): error TS2307: Cannot find module '../../../../src/app/test-public-link/page.js' or its corresponding type declarations.
